<?xml version="1.0" encoding="UTF-8"?>
<!-- Generated by org.testng.reporters.JUnitReportReporter -->
<testsuite hostname="PG02802S" failures="0" tests="3" name="executetests.APITests" time="3.880" errors="0" timestamp="2022-07-15T12:26:22 IST" skipped="2">
  <testcase classname="executetests.APITests" name="getBP" time="3.880"/>
  <system-out/>
  <testcase classname="executetests.APITests" name="createAndVerifyOrder">
    <skipped/>
  </testcase> <!-- createAndVerifyOrder -->
  <system-out/>
  <testcase classname="executetests.APITests" name="createBP">
    <skipped/>
  </testcase> <!-- createBP -->
  <system-out/>
</testsuite> <!-- executetests.APITests -->
