<?xml version="1.0" encoding="UTF-8"?>
<!-- Generated by org.testng.reporters.JUnitReportReporter -->
<testsuite hostname="PG02QJ2V" failures="0" tests="3" name="executetests.LeadProcess" time="62.335" errors="0" timestamp="2022-07-25T18:45:33 IST" skipped="0">
  <testcase classname="executetests.LeadProcess" name="loginToSalesforce" time="22.871"/>
  <system-out/>
  <testcase classname="executetests.LeadProcess" name="createNewLead" time="36.229"/>
  <system-out/>
  <testcase classname="executetests.LeadProcess" name="acceptLead" time="3.235"/>
  <system-out/>
</testsuite> <!-- executetests.LeadProcess -->
